 Dimension       Time    Gflop/s       GB/s        Error
        16   0.170872  11.704714  12.436259 0.000000e+00
        64   0.168127  11.896716  12.640261 0.000000e+00
       112   0.167288  11.959118  12.706563 0.000000e+00
       160   0.171273  11.718357  12.450754 0.000000e+00
       208   0.179342  11.239747  11.942232 0.000000e+00
       256   0.280468   7.178243   7.626883 0.000000e+00
       304   0.183872  11.001168  11.688741 0.000000e+00
       352   0.188193  10.660633  11.326922 0.000000e+00
       400   0.200541  10.212369  10.850643 0.000000e+00
       448   0.215217  10.026931  10.653614 0.000000e+00
       496   0.219542  10.004611  10.629899 0.000000e+00
       544   0.249375   9.037971   9.602845 0.000000e+00
       592   0.206732  10.035915  10.663160 0.000000e+00
       640   0.219032   9.574641  10.173056 0.000000e+00
       688   0.254407  10.240617  10.880656 0.000000e+00
       736   0.240771   9.935285  10.556241 0.000000e+00
       784   0.299891   9.641298  10.243879 0.000000e+00
       832   0.250907   9.181576   9.755424 0.000000e+00
       880   0.314011   8.680858   9.223411 0.000000e+00
       928   0.396276   8.066896   8.571077 0.000000e+00
       976   0.513368   7.244041   7.696794 0.000000e+00
      1024   0.777502   2.762030   2.934657 0.000000e+00
      1072   0.484848   5.081701   5.399307 0.000000e+00
      1120   0.555542   5.057867   5.373984 0.000000e+00
      1168   0.654539   4.868815   5.173116 0.000000e+00
      1216   0.637763   5.638604   5.991017 0.000000e+00
      1264   0.857423   4.710601   5.005013 0.000000e+00
      1312   0.980407   4.607074   4.895016 0.000000e+00
      1360   1.175537   4.279672   4.547151 0.000000e+00
      1408   1.329019   4.200557   4.463091 0.000000e+00
      1456   1.413313   4.367930   4.640925 0.000000e+00
      1504   1.583865   4.295912   4.564407 0.000000e+00
      1552   1.760288   4.247384   4.512845 0.000000e+00
      1600   1.961461   4.176479   4.437509 0.000000e+00
      1648   2.125678   4.211183   4.474382 0.000000e+00
      1696   2.318483   4.208271   4.471288 0.000000e+00
      1744   2.504210   4.236417   4.501193 0.000000e+00
      1792   3.488213   3.299446   3.505661 0.000000e+00
      1840   2.966536   4.199850   4.462341 0.000000e+00
      1888   3.207129   4.196812   4.459113 0.000000e+00
      1936   3.458978   4.195640   4.457868 0.000000e+00
      1984   3.757506   4.156764   4.416561 0.000000e+00
