 Dimension       Time    Gflop/s       GB/s        Error
        32   0.179080  11.168345  11.517356 0.000000e+00
        64   0.179085  11.168789  11.517814 0.000000e+00
        96   0.183950  10.879443  11.219426 0.000000e+00
       128   0.213810   9.357313   9.649729 0.000000e+00
       160   0.187459  10.706543  11.041122 0.000000e+00
       192   0.188041  10.689815  11.023872 0.000000e+00
       224   0.196086  10.202758  10.521594 0.000000e+00
       256   0.365585   5.506976   5.679069 0.000000e+00
       288   0.194159  10.334749  10.657710 0.000000e+00
       320   0.193782  10.484026  10.811652 0.000000e+00
       352   0.196779  10.195451  10.514058 0.000000e+00
       384   0.266479   7.649507   7.888554 0.000000e+00
       416   0.201471  10.005197  10.317859 0.000000e+00
       448   0.206260  10.462373  10.789322 0.000000e+00
       480   0.211528  10.456511  10.783277 0.000000e+00
       512   0.580257   3.700920   3.816574 0.000000e+00
       544   0.229838   9.806231  10.112675 0.000000e+00
       576   0.228601  10.031604  10.345092 0.000000e+00
       608   0.239433   9.387000   9.680344 0.000000e+00
       640   0.277655   7.553093   7.789127 0.000000e+00
       672   0.247072   9.825956  10.133017 0.000000e+00
       704   0.214133   9.776538  10.082055 0.000000e+00
       736   0.239386   9.992759  10.305033 0.000000e+00
       768   0.604258   4.497931   4.638492 0.000000e+00
       800   0.218341   9.379823   9.672942 0.000000e+00
       832   0.244959   9.404535   9.698427 0.000000e+00
       864   0.285356   9.040941   9.323471 0.000000e+00
       896   0.390499   7.368255   7.598513 0.000000e+00
       928   0.329168   9.711492  10.014976 0.000000e+00
       960   0.386977   9.145091   9.430875 0.000000e+00
       992   0.421988   9.253261   9.542425 0.000000e+00
      1024   0.598037   3.590887   3.703103 0.000000e+00
      1056   0.248065   9.494163   9.790856 0.000000e+00
      1088   0.280698   9.176504   9.463270 0.000000e+00
      1120   0.313396   8.965844   9.246027 0.000000e+00
      1152   0.416441   7.342330   7.571778 0.000000e+00
      1184   0.345485   9.608519   9.908785 0.000000e+00
      1216   0.369671   9.727807  10.031801 0.000000e+00
      1248   0.401266   9.688170   9.990925 0.000000e+00
      1280   0.952256   4.404597   4.542241 0.000000e+00
      1312   0.462399   9.768203  10.073459 0.000000e+00
      1344   0.499990   9.711058  10.014528 0.000000e+00
      1376   0.553800   9.408760   9.702784 0.000000e+00
      1408   0.743697   7.506578   7.741158 0.000000e+00
      1440   0.622945   9.586665   9.886249 0.000000e+00
      1472   0.669288   9.531040   9.828885 0.000000e+00
      1504   0.698154   9.745914  10.050474 0.000000e+00
      1536   2.202840   3.290188   3.393006 0.000000e+00
      1568   0.798708   9.653395   9.955064 0.000000e+00
      1600   0.865759   9.462221   9.757915 0.000000e+00
      1632   0.898677   9.673569   9.975868 0.000000e+00
      1664   1.251743   7.361643   7.591694 0.000000e+00
      1696   1.021811   9.548543   9.846935 0.000000e+00
      1728   1.077509   9.577236   9.876525 0.000000e+00
      1760   1.141122   9.555119   9.853716 0.000000e+00
      1792   2.647427   4.347305   4.483158 0.000000e+00
      1824   1.259658   9.635003   9.936097 0.000000e+00
      1856   1.320367   9.684321   9.986956 0.000000e+00
      1888   1.389753   9.684972   9.987628 0.000000e+00
      1920   1.937874   7.304797   7.533072 0.000000e+00
      1952   1.567757   9.488352   9.784863 0.000000e+00
      1984   1.639864   9.524606   9.822250 0.000000e+00
