 Dimension       Time    Gflop/s       GB/s        Error
        48   0.196898  10.158413  10.370047 0.000000e+00
        96   0.198787  10.067448  10.277187 0.000000e+00
       144   0.193672  10.329884  10.545090 0.000000e+00
       192   0.204268   9.840600  10.045612 0.000000e+00
       240   0.205615   9.815914  10.020412 0.000000e+00
       288   0.198487  10.109374  10.319985 0.000000e+00
       336   0.206649   9.912397  10.118905 0.000000e+00
       384   0.311153   6.551221   6.687704 0.000000e+00
       432   0.211638   9.904477  10.110820 0.000000e+00
       480   0.222607   9.936083  10.143085 0.000000e+00
       528   0.204214  10.091211  10.301444 0.000000e+00
       576   0.242963   9.438619   9.635257 0.000000e+00
       624   0.247137   9.831427  10.036248 0.000000e+00
       672   0.253834   9.564198   9.763452 0.000000e+00
       720   0.231279   9.683067   9.884797 0.000000e+00
       768   0.541864   5.015852   5.120349 0.000000e+00
       816   0.230895   9.412748   9.608847 0.000000e+00
       864   0.277082   9.310918   9.504896 0.000000e+00
       912   0.340001   8.924107   9.110026 0.000000e+00
       960   0.401669   8.810606   8.994160 0.000000e+00
      1008   0.222508   9.205879   9.397668 0.000000e+00
      1056   0.254254   9.263048   9.456028 0.000000e+00
      1104   0.281431   9.562379   9.761595 0.000000e+00
      1152   0.460453   6.640514   6.778858 0.000000e+00
      1200   0.365737   9.449417   9.646280 0.000000e+00
      1248   0.418647   9.285927   9.479384 0.000000e+00
      1296   0.474039   9.183985   9.375318 0.000000e+00
      1344   0.515978   9.410155   9.606200 0.000000e+00
      1392   0.571218   9.443787   9.640533 0.000000e+00
      1440   0.652718   9.149380   9.339992 0.000000e+00
      1488   0.690800   9.538637   9.737359 0.000000e+00
      1536   2.128095   3.405749   3.476702 0.000000e+00
      1584   0.843394   9.424644   9.620991 0.000000e+00
      1632   0.950462   9.146520   9.337073 0.000000e+00
      1680   1.009878   9.390504   9.586139 0.000000e+00
      1728   1.096400   9.412223   9.608311 0.000000e+00
      1776   1.210208   9.257613   9.450479 0.000000e+00
      1824   1.317343   9.213094   9.405033 0.000000e+00
      1872   1.421860   9.227641   9.419884 0.000000e+00
      1920   2.182314   6.486590   6.621727 0.000000e+00
      1968   1.617395   9.425169   9.621527 0.000000e+00
