 Dimension       Time    Gflop/s       GB/s        Error
         4   0.210628   9.495396  11.869245 0.000000e+00
        52   0.156067  12.815058  16.018822 0.000000e+00
       100   0.155727  12.855819  16.069774 0.000000e+00
       148   0.170075  11.779676  14.724595 0.000000e+00
       196   0.169690  11.803058  14.753822 0.000000e+00
       244   0.170368  11.766874  14.708592 0.000000e+00
       292   0.181163  11.269196  14.086495 0.000000e+00
       340   0.183798  11.119858  13.899823 0.000000e+00
       388   0.192771  10.908289  13.635361 0.000000e+00
       436   0.206351  10.443004  13.053756 0.000000e+00
       484   0.195673  10.429824  13.037280 0.000000e+00
       532   0.220096   9.577450  11.971812 0.000000e+00
       580   0.227449  10.293922  12.867403 0.000000e+00
       628   0.251750   9.838060  12.297575 0.000000e+00
       676   0.245258  10.076450  12.595563 0.000000e+00
       724   0.235488   9.669355  12.086694 0.000000e+00
       772   0.308611   8.945236  11.181545 0.000000e+00
       820   0.282969   7.794039   9.742549 0.000000e+00
       868   0.324758   8.054878  10.068597 0.000000e+00
       916   0.380880   8.071574  10.089467 0.000000e+00
       964   0.608365   5.890156   7.362695 0.000000e+00
      1012   0.332159   6.240594   7.800743 0.000000e+00
      1060   0.482004   4.941938   6.177423 0.000000e+00
      1108   0.605025   4.496513   5.620641 0.000000e+00
      1156   0.806040   3.833073   4.791342 0.000000e+00
      1204   1.023784   3.409581   4.261977 0.000000e+00
      1252   1.266404   3.099350   3.874188 0.000000e+00
      1300   1.494370   2.940369   3.675462 0.000000e+00
      1348   1.705084   2.873121   3.591401 0.000000e+00
      1396   1.915755   2.840183   3.550228 0.000000e+00
      1444   2.187147   2.753300   3.441626 0.000000e+00
      1492   2.392272   2.776680   3.470850 0.000000e+00
      1540   2.689411   2.716033   3.395041 0.000000e+00
      1588   2.927452   2.735847   3.419808 0.000000e+00
      1636   3.089256   2.834823   3.543529 0.000000e+00
      1684   3.429820   2.784741   3.480927 0.000000e+00
      1732   3.751801   2.769707   3.462134 0.000000e+00
      1780   4.058981   2.778901   3.473626 0.000000e+00
      1828   4.457490   2.740742   3.425928 0.000000e+00
      1876   4.640761   2.845374   3.556717 0.000000e+00
      1924   5.019126   2.838031   3.547538 0.000000e+00
      1972   5.362774   2.859968   3.574960 0.000000e+00
