 Dimension       Time    Gflop/s       GB/s        Error
        64   0.233030   8.583278   8.717392 0.000000e+00
       128   0.279756   7.151541   7.263284 0.000000e+00
       192   0.229650   8.752963   8.889728 0.000000e+00
       256   0.281936   7.140866   7.252443 0.000000e+00
       320   0.232774   8.727856   8.864229 0.000000e+00
       384   0.287024   7.101958   7.212927 0.000000e+00
       448   0.250955   8.599025   8.733385 0.000000e+00
       512   0.539394   3.981293   4.043500 0.000000e+00
       576   0.267030   8.587934   8.722120 0.000000e+00
       640   0.283766   7.390437   7.505912 0.000000e+00
       704   0.236213   8.862674   9.001153 0.000000e+00
       768   0.483798   5.617858   5.705637 0.000000e+00
       832   0.264309   8.716005   8.852192 0.000000e+00
       896   0.397182   7.244275   7.357467 0.000000e+00
       960   0.409232   8.647770   8.782891 0.000000e+00
      1024   0.540766   3.971189   4.033239 0.000000e+00
      1088   0.303368   8.490771   8.623439 0.000000e+00
      1152   0.416972   7.332988   7.447566 0.000000e+00
      1216   0.415349   8.657995   8.793277 0.000000e+00
      1280   0.751778   5.579178   5.666353 0.000000e+00
      1344   0.579209   8.382859   8.513841 0.000000e+00
      1408   0.757521   7.369588   7.484738 0.000000e+00
      1472   0.749775   8.507906   8.640842 0.000000e+00
      1536   2.042937   3.547714   3.603148 0.000000e+00
      1600   0.982772   8.335606   8.465850 0.000000e+00
      1664   1.253594   7.350776   7.465632 0.000000e+00
      1728   1.247604   8.271503   8.400746 0.000000e+00
      1792   2.075720   5.544665   5.631300 0.000000e+00
      1856   1.513969   8.445922   8.577889 0.000000e+00
      1920   1.957600   7.231188   7.344175 0.000000e+00
      1984   1.838006   8.497830   8.630609 0.000000e+00
