 Dimension       Time    Gflop/s       GB/s        Error
         8   0.167039  11.973269  13.469927 0.000000e+00
        56   0.156709  12.764186  14.359710 0.000000e+00
       104   0.157112  12.729789  14.321012 0.000000e+00
       152   0.160341  12.484225  14.044753 0.000000e+00
       200   0.173065  11.648772  13.104868 0.000000e+00
       248   0.171785  11.720448  13.185504 0.000000e+00
       296   0.177210  11.415142  12.842034 0.000000e+00
       344   0.179532  11.337114  12.754253 0.000000e+00
       392   0.190168  10.769623  12.115825 0.000000e+00
       440   0.188802  10.828367  12.181913 0.000000e+00
       488   0.193220  10.826268  12.179552 0.000000e+00
       536   0.218915   9.847968  11.078964 0.000000e+00
       584   0.238182  10.034845  11.289201 0.000000e+00
       632   0.187366  10.778306  12.125594 0.000000e+00
       680   0.234340  10.734234  12.076014 0.000000e+00
       728   0.217894  10.624305  11.952343 0.000000e+00
       776   0.260296  10.771334  12.117751 0.000000e+00
       824   0.218250  10.253855  11.535587 0.000000e+00
       872   0.252362  10.509589  11.823287 0.000000e+00
       920   0.301925  10.316301  11.605839 0.000000e+00
       968   0.361353  10.040476  11.295535 0.000000e+00
      1016   0.202346  10.366141  11.661909 0.000000e+00
      1064   0.241876   9.960045  11.205051 0.000000e+00
      1112   0.281848   9.757308  10.976972 0.000000e+00
      1160   0.321705   9.703900  10.916888 0.000000e+00
      1208   0.375009   9.401324  10.576489 0.000000e+00
      1256   0.426852   9.283712  10.444176 0.000000e+00
      1304   0.483052   9.180552  10.328121 0.000000e+00
      1352   0.544749   9.073266  10.207424 0.000000e+00
      1400   0.608695   9.016015  10.143017 0.000000e+00
      1448   0.699644   8.678782   9.763630 0.000000e+00
      1496   0.740539   9.042257  10.172539 0.000000e+00
      1544   0.825023   8.922896  10.038258 0.000000e+00
      1592   0.921286   8.759203   9.854104 0.000000e+00
      1640   1.023969   8.615386   9.692309 0.000000e+00
      1688   1.122979   8.565952   9.636696 0.000000e+00
      1736   1.210409   8.644639   9.725219 0.000000e+00
      1784   1.316934   8.622846   9.700701 0.000000e+00
      1832   1.454158   8.456582   9.513655 0.000000e+00
      1880   1.586659   8.375677   9.422637 0.000000e+00
      1928   1.681828   8.522548   9.587867 0.000000e+00
      1976   1.846813   8.355413   9.399840 0.000000e+00
