 Dimension       Time    Gflop/s       GB/s        Error
        16   0.166299  12.026526  12.778184 0.000000e+00
        64   0.171912  11.634815  12.361991 0.000000e+00
       112   0.169616  11.794962  12.532147 0.000000e+00
       160   0.171608  11.695462  12.426429 0.000000e+00
       208   0.179444  11.233362  11.935447 0.000000e+00
       256   0.245830   8.189678   8.701533 0.000000e+00
       304   0.184472  10.965341  11.650675 0.000000e+00
       352   0.184647  10.865369  11.544454 0.000000e+00
       400   0.187343  10.931806  11.615044 0.000000e+00
       448   0.206747  10.437727  11.090084 0.000000e+00
       496   0.205778  10.673798  11.340910 0.000000e+00
       544   0.219068  10.288368  10.931391 0.000000e+00
       592   0.197263  10.517672  11.175026 0.000000e+00
       640   0.208109  10.077177  10.707000 0.000000e+00
       688   0.262619   9.920386  10.540410 0.000000e+00
       736   0.241071   9.922932  10.543115 0.000000e+00
       784   0.290229   9.962270  10.584912 0.000000e+00
       832   0.232639   9.902558  10.521468 0.000000e+00
       880   0.289804   9.405978   9.993851 0.000000e+00
       928   0.353371   9.046353   9.611750 0.000000e+00
       976   0.416635   8.925937   9.483808 0.000000e+00
      1024   0.636722   3.372720   3.583515 0.000000e+00
      1072   0.348008   7.079870   7.522361 0.000000e+00
      1120   0.409448   6.862546   7.291455 0.000000e+00
      1168   0.483843   6.586496   6.998152 0.000000e+00
      1216   0.609705   5.898080   6.266710 0.000000e+00
      1264   0.752142   5.369964   5.705587 0.000000e+00
      1312   1.018066   4.436653   4.713944 0.000000e+00
      1360   1.134119   4.435964   4.713212 0.000000e+00
      1408   1.244357   4.486349   4.766745 0.000000e+00
      1456   1.380095   4.473065   4.752631 0.000000e+00
      1504   1.559735   4.362372   4.635020 0.000000e+00
      1552   1.695281   4.410253   4.685894 0.000000e+00
      1600   1.925151   4.255250   4.521203 0.000000e+00
      1648   2.077171   4.309525   4.578870 0.000000e+00
      1696   2.267409   4.303062   4.572003 0.000000e+00
      1744   2.454499   4.322218   4.592357 0.000000e+00
      1792   3.268851   3.520861   3.740914 0.000000e+00
      1840   2.900835   4.294973   4.563408 0.000000e+00
      1888   3.154555   4.266756   4.533429 0.000000e+00
      1936   3.373376   4.302108   4.570990 0.000000e+00
      1984   3.714014   4.205440   4.468280 0.000000e+00
