 Dimension       Time    Gflop/s       GB/s        Error
        16   0.091758  21.796525  23.158808 0.000000e+00
        64   0.075609  26.453954  28.107326 0.000000e+00
       112   0.068267  29.305588  31.137188 0.000000e+00
       160   0.069295  28.963667  30.773896 0.000000e+00
       208   0.066433  30.342859  32.239288 0.000000e+00
       256   0.078277  25.719865  27.327356 0.000000e+00
       304   0.088518  22.851862  24.280104 0.000000e+00
       352   0.087013  23.057042  24.498107 0.000000e+00
       400   0.094696  21.627096  22.978789 0.000000e+00
       448   0.102047  21.146718  22.468388 0.000000e+00
       496   0.102943  21.336421  22.669947 0.000000e+00
       544   0.107025  21.059019  22.375208 0.000000e+00
       592   0.088122  23.543897  25.015391 0.000000e+00
       640   0.104717  20.026827  21.278504 0.000000e+00
       688   0.108945  23.913739  25.408347 0.000000e+00
       736   0.095981  24.923024  26.480713 0.000000e+00
       784   0.140607  20.563355  21.848565 0.000000e+00
       832   0.097353  23.663608  25.142583 0.000000e+00
       880   0.117816  23.136824  24.582875 0.000000e+00
       928   0.131704  24.272009  25.789010 0.000000e+00
       976   0.170201  21.849806  23.215419 0.000000e+00
      1024   0.105641  20.328076  21.598581 0.000000e+00
      1072   0.120849  20.387866  21.662108 0.000000e+00
      1120   0.143449  19.587851  20.812092 0.000000e+00
      1168   0.221645  14.378082  15.276713 0.000000e+00
      1216   0.305298  11.778942  12.515126 0.000000e+00
      1264   0.409511   9.862921  10.479353 0.000000e+00
      1312   0.404034  11.179276  11.877981 0.000000e+00
      1360   0.529584   9.499750  10.093484 0.000000e+00
      1408   0.598067   9.334445   9.917847 0.000000e+00
      1456   0.657668   9.386576   9.973237 0.000000e+00
      1504   0.744356   9.140981   9.712293 0.000000e+00
      1552   0.825528   9.056769   9.622817 0.000000e+00
      1600   0.919645   8.907789   9.464526 0.000000e+00
      1648   1.118108   8.006043   8.506421 0.000000e+00
      1696   1.197790   8.145669   8.654773 0.000000e+00
      1744   1.368502   7.752180   8.236692 0.000000e+00
      1792   1.415486   8.130897   8.639078 0.000000e+00
      1840   1.503951   8.284184   8.801945 0.000000e+00
      1888   1.636750   8.223439   8.737404 0.000000e+00
      1936   1.801054   8.057853   8.561469 0.000000e+00
      1984   1.933301   8.078961   8.583896 0.000000e+00
